2021-08-03 08:45:16.078537: I tensorflow/stream_executor/platform/default/dso_loader.cc:53] Successfully opened dynamic library libcudart.so.11.0
WARNING:tensorflow:From /home/jsun/anaconda3/envs/torch/lib/python3.8/site-packages/tensorflow/python/compat/v2_compat.py:96: disable_resource_variables (from tensorflow.python.ops.variable_scope) is deprecated and will be removed in a future version.
Instructions for updating:
non-resource variables are not supported in the long term
- 08:45:25.044 INFO: Searching 25985124 column state sequences.

- 08:45:25.108 INFO: /home/jsun/seqddg_v2/3wp4.fa is in A2M, A3M or FASTA format

- 08:45:25.108 INFO: Iteration 1

- 08:45:25.149 INFO: Prefiltering database

- 08:45:45.993 INFO: HMMs passed 1st prefilter (gapless profile-profile alignment)  : 358397

- 08:45:46.438 INFO: HMMs passed 2nd prefilter (gapped profile-profile alignment)   : 376

- 08:45:46.439 INFO: HMMs passed 2nd prefilter and not found in previous iterations : 376

- 08:45:46.439 INFO: Scoring 376 HMMs using HMM-HMM Viterbi alignment

- 08:45:47.305 INFO: Alternative alignment: 0

- 08:45:47.538 INFO: 376 alignments done

- 08:45:47.539 INFO: Alternative alignment: 1

- 08:45:47.564 INFO: 375 alignments done

- 08:45:47.565 INFO: Alternative alignment: 2

- 08:45:47.586 INFO: 43 alignments done

- 08:45:47.587 INFO: Alternative alignment: 3

- 08:45:47.605 INFO: 8 alignments done

- 08:45:48.507 INFO: Premerge done

- 08:45:48.507 INFO: Realigning 394 HMM-HMM alignments using Maximum Accuracy algorithm

- 08:45:49.101 INFO: 306 sequences belonging to 306 database HMMs found with an E-value < 0.001

- 08:45:49.101 INFO: Number of effective sequences of resulting query HMM: Neff = 5.83669

- 08:45:49.113 INFO: Iteration 2

- 08:45:49.113 INFO: Set premerge to 0! (premerge: 3 iteration: 2 hits.Size: 303)

- 08:45:49.148 INFO: Prefiltering database

- 08:46:14.923 INFO: HMMs passed 1st prefilter (gapless profile-profile alignment)  : 410707

- 08:46:15.264 INFO: HMMs passed 2nd prefilter (gapped profile-profile alignment)   : 476

- 08:46:15.264 INFO: HMMs passed 2nd prefilter and not found in previous iterations : 198

- 08:46:15.264 INFO: Scoring 198 HMMs using HMM-HMM Viterbi alignment

- 08:46:16.029 INFO: Alternative alignment: 0

- 08:46:16.355 INFO: 198 alignments done

- 08:46:16.356 INFO: Alternative alignment: 1

- 08:46:16.382 INFO: 178 alignments done

- 08:46:16.383 INFO: Alternative alignment: 2

- 08:46:16.405 INFO: 11 alignments done

- 08:46:16.405 INFO: Alternative alignment: 3

- 08:46:16.419 INFO: 7 alignments done

- 08:46:16.820 INFO: Realigning 155 HMM-HMM alignments using Maximum Accuracy algorithm

- 08:46:17.216 INFO: 363 sequences belonging to 363 database HMMs found with an E-value < 0.001

- 08:46:17.216 INFO: Number of effective sequences of resulting query HMM: Neff = 6.33018

- 08:46:17.227 INFO: Iteration 3

- 08:46:17.267 INFO: Prefiltering database

- 08:46:43.098 INFO: HMMs passed 1st prefilter (gapless profile-profile alignment)  : 437512

- 08:46:43.811 INFO: HMMs passed 2nd prefilter (gapped profile-profile alignment)   : 492

- 08:46:43.811 INFO: HMMs passed 2nd prefilter and not found in previous iterations : 162

- 08:46:43.811 INFO: Scoring 162 HMMs using HMM-HMM Viterbi alignment

- 08:46:44.549 INFO: Alternative alignment: 0

- 08:46:44.688 INFO: 162 alignments done

- 08:46:44.688 INFO: Alternative alignment: 1

- 08:46:44.745 INFO: 155 alignments done

- 08:46:44.745 INFO: Alternative alignment: 2

- 08:46:44.801 INFO: 8 alignments done

- 08:46:44.801 INFO: Alternative alignment: 3

- 08:46:44.814 INFO: 3 alignments done

- 08:46:45.218 INFO: Rescoring previously found HMMs with Viterbi algorithm

- 08:46:45.853 INFO: Alternative alignment: 0

- 08:46:45.878 INFO: 330 alignments done

- 08:46:45.879 INFO: Alternative alignment: 1

- 08:46:45.900 INFO: 330 alignments done

- 08:46:45.900 INFO: Alternative alignment: 2

- 08:46:45.921 INFO: 39 alignments done

- 08:46:45.921 INFO: Alternative alignment: 3

- 08:46:45.944 INFO: 12 alignments done

- 08:46:46.362 INFO: Premerge done

- 08:46:46.362 INFO: Realigning 468 HMM-HMM alignments using Maximum Accuracy algorithm

- 08:46:46.851 INFO: 370 sequences belonging to 370 database HMMs found with an E-value < 0.001

- 08:46:46.851 INFO: Number of effective sequences of resulting query HMM: Neff = 6.50827

Query         3wp4
Match_columns 225
No_of_seqs    1266 out of 2034
Neff          6.50827
Searched_HMMs 573
Date          Tue Aug  3 08:46:46 2021
Command       hhblits -i /home/jsun/seqddg_v2/3wp4.fa -o /home/jsun/seqddg_v2/3wp4.fa.hhr -oa3m /home/jsun/seqddg_v2/3wp4.fa.a3m -n 3 -d /data/database/hhblist/UniRef30_2020_06 -cpu 16 

 No Hit                             Prob E-value P-value  Score    SS Cols Query HMM  Template HMM
  1 UniRef100_A0A089II10 Endo-1,4- 100.0 1.5E-70 3.8E-76  492.3   0.0  203   12-225    70-273 (416)
  2 UniRef100_A0A1B1JH66 Endo-1,4- 100.0   2E-70 5.3E-76  497.7   0.0  223    1-223    65-290 (436)
  3 UniRef100_A0A081LE18 Endo-1,4- 100.0   4E-70   1E-75  473.6   0.0  205   10-225    53-258 (302)
  4 UniRef100_A0A1Y1UY08 Endo-1,4- 100.0 2.5E-69 6.5E-75  496.2   0.0  224    1-224    20-243 (470)
  5 UniRef100_A0A066YQQ6 Endo-1,4- 100.0 5.9E-68 1.5E-73  484.5   0.0  181   14-211   122-304 (445)
  6 UniRef100_A0A011VXJ4 Endo-1,4- 100.0 5.8E-68 1.6E-73  506.8   0.0  203   12-225    34-237 (685)
  7 UniRef100_A0A084ACV1 Endo-1,4- 100.0 6.5E-67 1.7E-72  460.6   0.0  225    1-225    36-260 (328)
  8 UniRef100_A0A127JBT0 Endo-1,4- 100.0 2.9E-66 7.4E-72  481.1   0.0  204   11-225    29-233 (559)
  9 UniRef100_A0A0M2S1I8 Endo-1,4- 100.0 3.2E-66 8.2E-72  463.6   0.0  189    8-211    39-228 (391)
 10 UniRef100_A0A0D5ZBC0 Endo-1,4- 100.0 3.5E-65 9.4E-71  466.8   0.0  185   11-210    64-250 (440)
 11 UniRef100_A0A010QGI7 Endo-1,4- 100.0   5E-65 1.3E-70  464.8   0.0  185   15-217    97-283 (422)
 12 UniRef100_A0A1H6KLK7 Endo-1,4- 100.0 8.7E-65 2.2E-70  463.5   0.0  204   11-225    69-276 (512)
 13 UniRef100_A0A1E3C3D4 Endo-1,4- 100.0 5.6E-64 1.3E-69  450.6   0.0  202   13-225    28-230 (461)
 14 UniRef100_A0A316VD11 Endo-1,4- 100.0   4E-63   1E-68  403.6   0.0  173   25-216     1-175 (177)
 15 UniRef100_A0A1I6KJV3 Endo-1,4- 100.0   7E-63   2E-68  465.5   0.0  184   11-211    53-238 (543)
 16 UniRef100_A0A150PMI4 Endo-1,4- 100.0 1.6E-62 3.9E-68  429.0   0.0  187   13-217   127-314 (318)
 17 UniRef100_A0A1Y1V9Q7 Endo-1,4- 100.0 3.5E-62 8.7E-68  465.6   0.0  225    1-225    22-246 (873)
 18 UniRef100_A0A1J5F3I9 Endo-1,4- 100.0 3.8E-62   1E-67  443.6   0.0  219    1-225    28-246 (399)
 19 UniRef100_A0A1Y1V9Q7 Endo-1,4- 100.0 5.5E-62 1.4E-67  464.3   0.0  223    2-224   408-630 (873)
 20 UniRef100_A0A1V5Q1A9 Endo-1,4- 100.0 5.4E-61 1.3E-66  396.7   0.0  204   10-224    11-216 (220)
 21 UniRef100_A0A066XGR6 Endo-1,4- 100.0 5.6E-61 1.5E-66  424.6   0.0  178   16-208    52-231 (306)
 22 UniRef100_A0A0A0B4D5 Endo-1,4- 100.0 1.7E-60 4.2E-66  444.9   0.0  181   14-211    61-244 (680)
 23 UniRef100_A0A1B1G1F0 Endo-1,4- 100.0 7.2E-60 1.7E-65  424.5   0.0  191    9-218    42-234 (453)
 24 UniRef100_A0A154MAT4 Endo-1,4- 100.0 1.3E-59 3.1E-65  383.3   0.0  170   29-215     1-172 (177)
 25 UniRef100_A0A0C2W5W6 Endo-1,4- 100.0 5.2E-59 1.3E-64  394.1   0.0  179   16-208    45-231 (239)
 26 UniRef100_A0A1G5BJ14 Endo-1,4- 100.0 1.5E-58 3.7E-64  395.3   0.0  206    9-224    57-269 (284)
 27 UniRef100_A0A2K9E879 Endo-1,4- 100.0 3.7E-58 8.7E-64  423.8   0.0  204   11-225    31-235 (660)
 28 UniRef100_P33558 Endo-1,4-beta 100.0 4.2E-58 9.7E-64  415.9   0.0  204   11-225    35-239 (535)
 29 UniRef100_A0A1M5E2D0 Endo-1,4- 100.0 1.9E-57 4.8E-63  422.8   0.0  225    1-225    26-255 (623)
 30 UniRef100_A0A1Y1VFP1 Beta-xyla 100.0 2.4E-57 5.5E-63  419.7   0.0  224    1-224    20-243 (695)
 31 UniRef100_A0A1M5E2D0 Endo-1,4- 100.0 2.7E-57 6.8E-63  421.8   0.0  223    2-224   291-514 (623)
 32 UniRef100_A0A0L6JKT3 Beta-xyla 100.0 3.1E-57 7.8E-63  434.3   0.0  206   10-225    29-235 (873)
 33 UniRef100_A0A2K9E3U7 Endo-1,4- 100.0 6.8E-57 1.5E-62  383.6   0.0  203   11-224    27-230 (310)
 34 UniRef100_A0A1Y1UYD0 Endo-1,4- 100.0 1.6E-56 3.6E-62  407.9   0.0  225    1-225    23-247 (579)
 35 UniRef100_A0A0R2X226 Endo-1,4- 100.0 1.5E-56 3.8E-62  393.4   0.0  202   18-224    96-300 (334)
 36 UniRef100_A0A4P2Q6C7 Endo-1,4- 100.0 2.3E-56 5.4E-62  394.7   0.0  188   11-216   208-396 (401)
 37 UniRef100_A0A1Y2F0Q8 Endo-1,4- 100.0 4.1E-56 9.3E-62  393.7   0.0  224    1-224    21-244 (460)
 38 UniRef100_A0A1H8SEF1 Endo-1,4- 100.0 9.1E-56 2.3E-61  374.3   0.0  173   11-200    55-229 (230)
 39 UniRef100_A0A254S7C0 Endo-1,4- 100.0 9.3E-56 2.4E-61  412.4   0.0  222    1-225    26-259 (565)
 40 UniRef100_A0A067SLL2 Endo-1,4- 100.0 2.7E-55 6.8E-61  381.7   0.0  185   11-211    37-224 (297)
 41 UniRef100_UPI0015649AFD glycos 100.0 5.7E-55 1.3E-60  379.5   0.0  189    8-211   121-310 (377)
 42 UniRef100_A0A0C2J298 Endo-1,4- 100.0 5.8E-55 1.5E-60  374.1   0.0  179   22-216    42-223 (247)
 43 UniRef100_A0A2K9EMD5 Endo-1,4- 100.0 7.5E-55 1.7E-60  408.7   0.0  205   10-225    29-234 (837)
 44 UniRef100_A0A2S8RES0 Endo-1,4- 100.0 9.6E-55 2.2E-60  392.3   0.0  203   11-224    22-225 (571)
 45 UniRef100_A0A2S8REY5 Endo-1,4- 100.0 1.1E-54 2.6E-60  413.7   0.0  201   11-224    31-232 (891)
 46 UniRef100_A0A1H6KY97 Beta-xyla 100.0 1.1E-54   3E-60  433.4   0.0  197   17-222    41-249 (1332)
 47 UniRef100_A0A0Q5VHD2 Endo-1,4- 100.0 1.5E-54 4.1E-60  377.7   0.0  190   10-216    58-253 (275)
 48 UniRef100_A0A1K1MKR8 Endo-1,4- 100.0   2E-54 5.2E-60  417.5   0.0  197   17-223    36-245 (843)
 49 UniRef100_A0A0D3MCI8 Endo-1,4- 100.0 2.7E-54 6.6E-60  403.3   0.0  190   10-210    37-232 (686)
 50 UniRef100_A0A150RE55 Endo-1,4- 100.0 2.6E-54 6.6E-60  368.1   0.0  207   10-224    34-247 (248)
 51 UniRef100_A0A0K8LJ42 Endo-1,4- 100.0   4E-54 9.1E-60  384.3   0.0  190   14-221    32-223 (476)
 52 UniRef100_A0A0W0GA86 Endo-1,4- 100.0 8.3E-54 2.3E-59  344.9   0.0  131   61-205     1-134 (145)
 53 UniRef100_G8M209 Endo-1,4-beta 100.0 1.3E-53 2.9E-59  391.0   0.0  206   10-225    25-231 (697)
 54 UniRef100_A0A1H6IF16 Endo-1,4- 100.0   2E-53 4.8E-59  367.3   0.0  198   17-223    31-240 (302)
 55 UniRef100_F5IWT2 Endo-1,4-beta 100.0 2.7E-53 6.5E-59  402.5   0.0  198   15-223   648-846 (874)
 56 UniRef100_A0A1Y1VP69 Endo-1,4- 100.0 3.3E-53 7.8E-59  404.3   0.0  224    1-224   130-353 (1122)
 57 UniRef100_A0A1Y3NQ01 Endo-1,4- 100.0 4.5E-53   1E-58  374.4   0.0  223    2-224   121-344 (455)
 58 UniRef100_D9WNB8 Endo-1,4-beta 100.0 4.6E-53   1E-58  372.9   0.0  182   14-211    47-230 (436)
 59 UniRef100_A0A1V5FYX9 Endo-1,4- 100.0 5.8E-53 1.3E-58  362.4   0.0  186   11-211    31-218 (313)
 60 UniRef100_A0A1Y1VP69 Endo-1,4- 100.0 9.1E-53 2.1E-58  401.4   0.0  223    2-224   654-876 (1122)
 61 UniRef100_A0A0K8J3V1 Endo-1,4- 100.0 1.6E-52 3.7E-58  399.8   0.0  199   15-224    33-232 (1378)
 62 UniRef100_A0A368UUQ7 Endo-1,4- 100.0 2.3E-52 5.3E-58  377.2   0.0  192   13-222    27-219 (573)
 63 UniRef100_A0A420YGT5 Endo-1,4- 100.0 3.7E-52 8.3E-58  357.0   0.0  177   16-207    35-213 (327)
 64 UniRef100_A0A063BQL7 Endo-1,4- 100.0 3.9E-52 9.9E-58  369.6   0.0  183   16-218    95-279 (346)
 65 UniRef100_A0A1Y2CUZ6 Endo-1,4- 100.0 4.8E-52 1.1E-57  379.8   0.0  223    2-224   448-670 (671)
 66 UniRef100_A0A1M5E263 Endo-1,4- 100.0 4.2E-52 1.1E-57  385.1   0.0  218    1-225    26-265 (510)
 67 UniRef100_A0A093XJR1 Endo-1,4- 100.0 5.2E-52 1.2E-57  359.7   0.0  188   14-217    29-218 (361)
 68 UniRef100_A0A2S7PVP4 Endo-1,4- 100.0 6.5E-52 1.5E-57  372.4   0.0  184   15-216   349-535 (538)
 69 UniRef100_A0A1Y6BY83 Endo-1,4- 100.0 6.9E-52 1.7E-57  370.0   0.0  188   13-217    36-225 (411)
 70 UniRef100_A0A0L6JRS4 Beta-xyla 100.0 1.1E-51 2.6E-57  394.7   0.0  205   11-225    26-231 (1088)
 71 UniRef100_A0A1M6S7L9 Endo-1,4- 100.0 2.2E-51 5.4E-57  359.8   0.0  222    1-224    24-262 (333)
 72 UniRef100_A0A1Y3N601 Endo-1,4- 100.0 2.9E-51 6.6E-57  376.7   0.0  224    1-224   209-433 (723)
 73 UniRef100_A0A354K6U4 Beta-xyla 100.0   3E-51 7.7E-57  396.1   0.0  194   19-221    48-247 (904)
 74 UniRef100_A0A1H6IKR8 Endo-1,4- 100.0   3E-51 7.7E-57  396.6   0.0  198   16-223    49-259 (944)
 75 UniRef100_UPI00099C0222 glycos 100.0 3.9E-51 8.7E-57  357.3   0.0  182   14-211   204-387 (393)
 76 UniRef100_A0A1Y2AH98 Endo-1,4- 100.0 3.9E-51 8.8E-57  361.1   0.0  223    2-224   218-440 (440)
 77 UniRef100_D9SP57 Endo-1,4-beta 100.0 4.5E-51   1E-56  366.0   0.0  203   11-223    28-231 (520)
 78 UniRef100_A0A139IQ27 Endo-1,4- 100.0 7.1E-51 1.6E-56  346.2   0.0  185   14-216   112-298 (301)
 79 UniRef100_A0A1H7EWU6 Endo-1,4- 100.0   1E-50 2.6E-56  387.9   0.0  200   17-225    36-240 (801)
 80 UniRef100_Q14ST6 Endo-1,4-beta 100.0 2.5E-50 5.7E-56  362.4   0.0  181   14-211    43-225 (539)
 81 UniRef100_A0A0G4LQU7 Endo-1,4- 100.0 3.2E-50 7.2E-56  345.0   0.0  183   16-216   137-322 (325)
 82 UniRef100_A0A010R4V2 Endo-1,4- 100.0 6.1E-50 1.6E-55  352.8   0.0  171   27-217    64-235 (309)
 83 UniRef100_A0A1H7LVS4 Endo-1,4- 100.0 1.3E-49 3.1E-55  383.4   0.0  199   16-223    45-253 (953)
 84 UniRef100_B7FBK8 Endo-1,4-beta 100.0 1.5E-49 3.7E-55  359.4   0.0  199   14-223    17-216 (463)
 85 UniRef100_A0A2R4WYG1 Endo-1,4- 100.0 1.9E-49 4.4E-55  354.9   0.0  184   11-211    47-232 (506)
 86 UniRef100_A0A067C1G7 Endo-1,4- 100.0 1.9E-49 4.5E-55  362.6   0.0  184   16-216    20-210 (577)
 87 UniRef100_A0A084ANA0 Endo-1,4- 100.0 2.7E-49 6.1E-55  366.2   0.0  178   16-207    28-208 (790)
 88 UniRef100_A0A0G4KFG4 Endo-1,4- 100.0 3.1E-49 6.9E-55  365.3   0.0  193   15-222    43-237 (774)
 89 UniRef100_A0A1Y3N4J2 Endo-1,4- 100.0 3.5E-49 7.8E-55  353.0   0.0  211    1-224    19-229 (501)
 90 UniRef100_A0A1D8PB11 Endo-1,4- 100.0 4.3E-49 9.7E-55  369.5   0.0  191   12-221    28-220 (962)
 91 UniRef100_A0A0A7CMG4 Endo-1,4- 100.0 5.2E-49 1.2E-54  334.8   0.0  184   14-211    16-206 (300)
 92 UniRef100_G5DDC0 Endo-1,4-beta 100.0 7.8E-49 1.8E-54  339.3   0.0  198   13-221   150-348 (351)
 93 UniRef100_F1TF26 Endo-1,4-beta 100.0 1.1E-48 2.6E-54  354.7   0.0  185   11-211    29-215 (555)
 94 UniRef100_A0A0A8LF22 Endo-1,4- 100.0 1.5E-48 3.4E-54  332.1   0.0  188   14-217    30-219 (290)
 95 UniRef100_A0A1M6A386 Endo-1,4- 100.0 1.6E-48 3.8E-54  360.3   0.0  215    2-223   298-520 (630)
 96 UniRef100_A0A1K1SX30 Endo-1,4- 100.0 1.8E-48 4.3E-54  354.4   0.0  185   12-211   129-315 (541)
 97 UniRef100_A0A2S1FRS3 Endo-1,4- 100.0 2.4E-48 5.3E-54  329.5   0.0  191   10-217    90-285 (289)
 98 UniRef100_A0A3M7NU19 Endo-1,4- 100.0 6.6E-48 1.5E-53  347.8   0.0  174   17-205    38-213 (554)
 99 UniRef100_A0A023UHZ6 Endo-1,4- 100.0 6.8E-48 1.7E-53  299.4   0.0  122   95-223     4-126 (127)
100 UniRef100_A0A559QIA1 Endo-1,4- 100.0 8.1E-48 1.9E-53  369.3   0.0  193   12-218    53-251 (1094)
101 UniRef100_A0A1H6K1X9 Endo-1,4- 100.0 9.3E-48 2.3E-53  354.1   0.0  196   24-224    50-251 (556)
102 UniRef100_A0A098LFJ9 Endo-1,4- 100.0 1.1E-47 2.5E-53  365.7   0.0  190   11-211    26-219 (1002)
103 UniRef100_A0A1H6L2Z7 Endo-1,4- 100.0 1.7E-47 3.9E-53  323.6   0.0  198   17-223    31-240 (283)
104 UniRef100_A0A0L6JJI3 Endo-1,4- 100.0 1.9E-47 4.3E-53  352.2   0.0  187   13-217    29-218 (729)
105 UniRef100_A0A1Y1WYJ8 Endo-1,4- 100.0 2.3E-47 5.2E-53  355.0   0.0  223    2-224   275-497 (837)
106 UniRef100_A0A1E1JWG0 Endo-1,4- 100.0 4.1E-47   1E-52  336.5   0.0  186   15-217    33-222 (356)
107 UniRef100_A0A0D3MCY2 Cellulase 100.0 8.3E-47 2.1E-52  362.8   0.0  185   11-210    24-210 (890)
108 UniRef100_G1X9B1 Endo-1,4-beta 100.0 1.4E-46 3.1E-52  359.8   0.0  178   16-207    35-214 (1364)
109 UniRef100_A0A1Y1WYJ8 Endo-1,4- 100.0   2E-46 4.4E-52  348.9   0.0  223    2-224    21-243 (837)
110 UniRef100_A0A0G4KP99 Endo-1,4- 100.0 2.5E-46 5.6E-52  346.8   0.0  185   14-216   530-716 (787)
111 UniRef100_UPI001564354F glycos 100.0 3.2E-46 7.1E-52  343.7   0.0  219    1-224    26-246 (713)
112 UniRef100_A0A150NZR8 Endo-1,4- 100.0 3.1E-46 7.3E-52  333.0   0.0  216    3-224   181-405 (406)
113 UniRef100_A0A409YBL0 Endo-1,4- 100.0 3.5E-46 7.9E-52  337.0   0.0  179   17-209   303-484 (558)
114 UniRef100_A0A1Y3MXQ1 Endo-1,4- 100.0 3.5E-46 7.9E-52  341.4   0.0  224    2-225   199-423 (659)
115 UniRef100_A0A074VWZ6 Endo-1,4- 100.0 3.2E-46 7.9E-52  322.6   0.0  165   37-216    83-249 (273)
116 UniRef100_UPI0015AD26E9 glycos 100.0 3.8E-46 8.6E-52  350.0   0.0  196   19-224    46-244 (958)
117 UniRef100_A0A4U0XRA2 Endo-1,4- 100.0 4.5E-46   1E-51  334.9   0.0  186   14-217    33-221 (529)
118 UniRef100_UPI0006799405 glycos 100.0   6E-46 1.4E-51  355.5   0.0  196   18-222    32-239 (1060)
119 UniRef100_A0A084AHD3 Endo-1,4- 100.0 9.8E-46 2.7E-51  324.4   0.0  176   27-218    43-222 (271)
120 UniRef100_A0A5C3L4C1 Endo-1,4- 100.0 1.5E-45 3.4E-51  316.1   0.0  178   16-207   103-288 (301)
121 UniRef100_A0A1Y3N9Q7 Endo-1,4- 100.0   2E-45 4.5E-51  302.5   0.0  176   26-205    31-207 (210)
122 UniRef100_P29126 Bifunctional  100.0   2E-45 4.7E-51  350.8   0.0  198   17-223    31-240 (967)
123 UniRef100_A0A0L6JRS4 Beta-xyla 100.0 2.1E-45 4.9E-51  352.5   0.0  204   12-225   412-616 (1088)
124 UniRef100_A0A1V8TFR2 Endo-1,4- 100.0   3E-45 6.8E-51  350.4   0.0  186   11-217    33-220 (1341)
125 UniRef100_A0A2K1QMQ0 Endo-1,4- 100.0   3E-45 7.3E-51  329.1   0.0  182   23-217    43-226 (420)
126 UniRef100_A0A1M7M9C1 Endo-1,4- 100.0 5.7E-45 1.3E-50  329.6   0.0  198   17-223    31-240 (534)
127 UniRef100_A0A0A8LEB4 Endo-1,4- 100.0 8.6E-45   2E-50  302.5   0.0  192   11-216    26-219 (224)
128 UniRef100_K5X1T9 Endo-1,4-beta 100.0 1.7E-44 3.9E-50  315.5   0.0  182   14-211    36-220 (383)
129 UniRef100_A0A1E1K833 Endo-1,4- 100.0 1.8E-44   4E-50  301.6   0.0  186   14-216    45-233 (252)
130 UniRef100_A0A0F0HYW7 Endo-1,4- 100.0 1.9E-44 4.9E-50  311.8   0.0  185   15-218    65-253 (265)
131 UniRef100_A0A357D6I8 Endo-1,4- 100.0 2.5E-44 5.7E-50  305.8   0.0  144   71-225     2-146 (278)
132 UniRef100_A0A1Y2D7G7 Endo-1,4- 100.0 3.7E-44 9.4E-50  314.5   0.0  167   39-222    62-231 (297)
133 UniRef100_D5UGI1 Beta-xylanase 100.0 4.4E-44   1E-49  337.2   0.0  183   11-210    38-225 (1001)
134 UniRef100_A0A315XZS9 Endo-1,4- 100.0 5.1E-44 1.2E-49  336.6   0.0  200   19-223    47-252 (819)
135 UniRef100_A0A1Y0FYM2 Endo-1,4- 100.0 6.8E-44 1.6E-49  337.6   0.0  190   10-210    24-220 (935)
136 UniRef100_A0A1Z5SL72 Endo-1,4- 100.0 1.1E-43 2.5E-49  304.7   0.0  185   11-211   107-293 (298)
137 UniRef100_A0A1Q3EEZ9 Endo-1,4- 100.0 1.3E-43 2.9E-49  307.9   0.0  179   17-210   108-288 (357)
138 UniRef100_A0A1Y1ZTH4 Endo-1,4- 100.0 2.1E-43 4.8E-49  309.5   0.0  147   79-225     2-148 (370)
139 UniRef100_A0A0A0BN18 Uncharact 100.0 2.9E-43 7.2E-49  307.4   0.0  134   59-211     1-135 (295)
140 UniRef100_UPI0009B8BF6E glycos 100.0 4.7E-43 1.1E-48  321.1   0.0  195   21-224   124-325 (566)
141 UniRef100_A0A1Y3N033 Endo-1,4- 100.0 5.2E-43 1.2E-48  273.5   0.0  147   77-223     2-148 (148)
142 UniRef100_UPI00035C486A glycos 100.0 1.1E-42 2.4E-48  331.4   0.0  186   14-210    36-227 (1202)
143 UniRef100_UPI00001106AF GLUXYN 100.0 1.1E-42 2.5E-48  305.2   0.0  169   28-211   161-336 (394)
144 UniRef100_UPI0004B4604E endo-1 100.0 1.4E-42 3.1E-48  312.6   0.0  202   14-225    31-233 (526)
145 UniRef100_A0A495DI70 Endo-1,4- 100.0 1.8E-42 4.1E-48  332.9   0.0  186   11-207    31-222 (1441)
146 UniRef100_UPI00046341CB glycos 100.0 2.7E-42 6.5E-48  327.9   0.0  196   19-223    33-240 (849)
147 UniRef100_A0A1Y3NE32 Endo-1,4- 100.0 8.2E-42 1.8E-47  281.0   0.0  130   95-224     2-131 (218)
148 UniRef100_A0A1H6K7J7 Endo-1,4- 100.0 1.2E-41 2.7E-47  328.8   0.0  199   16-223    34-245 (1378)
149 UniRef100_A0A1M6QVE7 Endo-1,4- 100.0 1.6E-41 3.5E-47  296.0   0.0  225    1-225    20-254 (367)
150 UniRef100_A0A1V5VUD6 Endo-1,4- 100.0 1.6E-41 3.6E-47  315.6   0.0  191   10-211    24-219 (796)
151 UniRef100_A0A1H6KCR6 Endo-1,4- 100.0 1.5E-41 3.8E-47  322.9   0.0  200   15-223    29-240 (639)
152 UniRef100_A0A2K9EMD5 Endo-1,4- 100.0 2.6E-41   6E-47  319.0   0.0  202   11-223   401-603 (837)
153 UniRef100_UPI0006799405 glycos 100.0 3.3E-41 7.8E-47  323.6   0.0  194   19-221   580-779 (1060)
154 UniRef100_A0A0L0T0A2 Endo-1,4- 100.0 4.9E-41 1.1E-46  280.4   0.0  183   11-211    41-225 (234)
155 UniRef100_A0A094C9I7 Endo-1,4- 100.0 5.3E-41 1.2E-46  304.7   0.0  181   16-211   383-565 (572)
156 UniRef100_W5VXL4 Endo-1,4-beta 100.0 6.4E-41 1.4E-46  292.9   0.0  159   37-210    90-266 (376)
157 UniRef100_A0A011WK81 Beta-xyla 100.0 6.6E-41 1.6E-46  324.3   0.0  194   18-221    45-248 (935)
158 UniRef100_A0A094CBA1 Endo-1,4- 100.0 9.1E-41 2.3E-46  274.4   0.0  134   15-162    34-169 (180)
159 UniRef100_A0A0A1I5P8 Endo-1,4- 100.0   1E-40 2.5E-46  248.0   0.0   92   61-166     1-93  (93)
160 UniRef100_A0A428SPA6 Endo-1,4- 100.0 1.8E-40   4E-46  286.4   0.0  167   30-216    10-178 (330)
161 UniRef100_A0A3M2RVG5 Endo-1,4- 100.0   2E-40 4.6E-46  308.2   0.0  180   17-216    32-213 (751)
162 UniRef100_UPI0013DA3103 glycos 100.0 2.1E-40 4.6E-46  282.9   0.0  194   22-223    51-253 (298)
163 UniRef100_A0A351ZHF5 Endo-1,4- 100.0 2.1E-40 4.8E-46  302.0   0.0  206   11-221    40-256 (602)
164 UniRef100_A0A1Q3ENG9 Endo-1,4- 100.0 2.4E-40 5.3E-46  298.3   0.0  174   19-207    39-214 (523)
165 UniRef100_A0A2K9ECL3 Endo-1,4- 100.0 3.3E-40 7.3E-46  267.7   0.0  145   11-162    37-182 (194)
166 UniRef100_UPI0012BBFF0F glycos 100.0 4.6E-40 1.1E-45  307.3   0.0  194   21-223   288-488 (720)
167 UniRef100_A0A0A1CL54 Endo-1,4- 100.0 1.3E-39 3.1E-45  243.5   0.0   89   77-175     7-96  (96)
168 UniRef100_UPI0015645E7E glycos 100.0 1.7E-39 3.8E-45  280.4   0.0  152   60-221     1-159 (329)
169 UniRef100_UPI0006785236 glycos 100.0 1.8E-39 4.1E-45  299.9   0.0  195   18-221    53-253 (714)
170 UniRef100_B5B3U7 Endo-1,4-beta 100.0 3.8E-39 8.7E-45  276.1   0.0  195   19-223    26-233 (300)
171 UniRef100_A0A1M6A386 Endo-1,4- 100.0 7.9E-39 1.9E-44  297.2   0.0  216    1-223    26-262 (630)
172 UniRef100_A0A011VXT8 Endo-1,4- 100.0 8.1E-39 1.9E-44  281.4   0.0  193   19-217    46-248 (354)
173 UniRef100_A0A4Q5V7E3 Endo-1,4- 100.0 1.8E-38   4E-44  302.7   0.0  188   11-209    25-220 (1162)
174 UniRef100_A0A0C3K4W3 Endo-1,4- 100.0 1.7E-38   4E-44  255.3   0.0  128   13-154    33-162 (162)
175 UniRef100_A0A074ZAX2 Endo-1,4- 100.0 1.9E-38 4.2E-44  244.6   0.0  117   91-211    11-128 (133)
176 UniRef100_A0A023UI01 Endo-1,4- 100.0 1.9E-38 4.4E-44  242.6   0.0  111   96-211     1-116 (121)
177 UniRef100_A0A1Y3N601 Endo-1,4- 100.0 4.5E-38   1E-43  291.2   0.0  146   79-224     2-147 (723)
178 UniRef100_A0A409YBL0 Endo-1,4- 100.0   6E-38 1.4E-43  284.6   0.0  164   16-208    30-195 (558)
179 UniRef100_A0A4Q4TJX0 Endo-1,4- 100.0 1.5E-37 3.5E-43  245.2   0.0  126   61-207     1-129 (141)
180 UniRef100_Q9UVZ4 Endo-1,4-beta 100.0 1.6E-37 3.5E-43  234.7   0.0  109   77-193     7-116 (116)
181 UniRef100_A0A4Q2D767 Endo-1,4- 100.0   2E-37 4.4E-43  250.3   0.0  116   92-210     7-123 (185)
182 UniRef100_A0A1V5GQ56 Endo-1,4- 100.0 2.4E-37 5.4E-43  294.2   0.0  202    9-221    35-246 (1097)
183 UniRef100_A0A1T5A9G9 Endo-1,4- 100.0   3E-37   7E-43  275.4   0.0  189   14-217    50-245 (400)
184 UniRef100_UPI00156B7E63 glycos 100.0 4.6E-37   1E-42  286.3   0.0  193   20-221    51-249 (789)
185 UniRef100_A0A3D2N1A6 Endo-1,4- 100.0 6.1E-37 1.4E-42  278.4   0.0  191   20-216    50-250 (540)
186 UniRef100_A0A0L0T0D1 Endo-1,4- 100.0 1.6E-36 3.5E-42  274.8   0.0  183   11-211   345-530 (539)
187 UniRef100_A0A4Q6EP46 Endo-1,4- 100.0 1.6E-36 3.6E-42  275.0   0.0  185   15-206    39-242 (546)
188 UniRef100_W8E7J6 Endo-1,4-beta 100.0 2.3E-36 5.2E-42  251.8   0.0  197   14-220    10-211 (236)
189 UniRef100_A0A1V5GQ56 Endo-1,4- 100.0 8.2E-36 1.8E-41  284.0   0.0  193   23-224   591-789 (1097)
190 UniRef100_B7FBK8 Endo-1,4-beta 100.0 2.1E-35 5.2E-41  269.1   0.0  195   16-221   260-460 (463)
191 UniRef100_A0A094BF57 Endo-1,4- 100.0 2.4E-35 5.5E-41  263.7   0.0  178   14-207   267-447 (462)
192 UniRef100_P29127 Bifunctional  100.0 2.7E-35   6E-41  269.6   0.0  194   20-223   285-491 (607)
193 UniRef100_A0A409W2S0 Endo-1,4- 100.0 4.3E-35   1E-40  264.6   0.0  160   39-216   271-439 (445)
194 UniRef100_A0A093X9W4 Endo-1,4- 100.0 7.4E-35 1.7E-40  243.4   0.0  172   25-216    55-228 (232)
195 UniRef100_A0A409YTL0 Endo-1,4- 100.0 7.8E-35 1.7E-40  243.6   0.0  180   16-205    39-229 (242)
196 UniRef100_A0A1Y1VP69 Endo-1,4- 100.0 1.3E-34 2.9E-40  279.3   0.0  223    2-224   392-614 (1122)
197 UniRef100_A0A2S8R8N4 Endo-1,4- 100.0 2.4E-34 5.3E-40  226.3   0.0  128    9-143    21-148 (150)
198 UniRef100_P29127 Bifunctional  100.0 3.2E-34 7.2E-40  262.7   0.0  190   20-223    40-246 (607)
199 UniRef100_A0A1V8SMI8 Endo-1,4- 100.0 3.2E-34 7.3E-40  254.5   0.0  152   41-206    40-192 (422)
200 UniRef100_A0A0T5VMV5 Endo-1,4- 100.0   5E-34 1.2E-39  247.6   0.0  188   15-216    77-271 (286)
201 UniRef100_A0A1Y1WJG1 Endo-1,4- 100.0 8.6E-34 1.9E-39  229.1   0.0  163   40-203     5-167 (182)
202 UniRef100_A0A409X3V6 Endo-1,4- 100.0 9.8E-34 2.2E-39  233.0   0.0  130   62-205    63-199 (210)
203 UniRef100_A0A0C9VHR3 Endo-1,4- 100.0 1.2E-33 2.6E-39  229.2   0.0  141   45-211     5-147 (187)
204 UniRef100_A0A1Y2C3E1 Endo-1,4- 100.0 1.2E-33 2.7E-39  261.3   0.0  219    2-224    30-253 (680)
205 UniRef100_UPI0015ACFC15 glycos 100.0 1.2E-33 2.7E-39  271.4   0.0  218    2-223    33-254 (1240)
206 UniRef100_A0A6N9XMU3 Glycoside 100.0 1.5E-33 3.3E-39  217.6   0.0  115   14-144    16-131 (131)
207 UniRef100_A0A1Y2C3E1 Endo-1,4- 100.0 1.5E-33 3.4E-39  260.6   0.0  218    2-223   343-565 (680)
208 UniRef100_G0SBC5 Endo-1,4-beta 100.0 1.6E-33 3.5E-39  255.5   0.0  159   24-210    39-199 (533)
209 UniRef100_A0A2T4BPZ8 Endo-1,4- 100.0 4.3E-33 9.7E-39  260.2   0.0  158   32-206   613-771 (782)
210 UniRef100_A0A1G7FCB5 Endo-1,4- 100.0 6.5E-33 1.7E-38  241.3   0.0  178   16-215    67-253 (259)
211 UniRef100_A0A1M5K4I3 Endo-1,4- 100.0   8E-33 1.9E-38  254.7   0.0  203   17-224    34-260 (578)
212 UniRef100_A0A094H620 Endo-1,4- 100.0 9.6E-33 2.2E-38  242.0   0.0  153   39-204   199-355 (367)
213 UniRef100_G4U379 Endo-1,4-beta 100.0 9.8E-33 2.2E-38  239.7   0.0  170   21-205    43-215 (334)
214 UniRef100_A1CD49 Endo-1,4-beta 100.0 1.3E-32 2.9E-38  224.0   0.0  123   77-210    40-163 (192)
215 UniRef100_A0A1K1LN80 Endo-1,4- 100.0 1.4E-32 3.3E-38  261.5   0.0  199   17-224    39-250 (869)
216 UniRef100_A0A5Q4BJ04 Endo-1,4- 100.0 1.8E-32 4.3E-38  209.6   0.0  104  107-216     1-105 (115)
217 UniRef100_A0A1V8ULB2 Endo-1,4-  99.9 2.4E-32 5.3E-38  248.7   0.0  152   43-207    56-208 (551)
218 UniRef100_A0A0L6JR17 Beta-xyla  99.9 7.3E-32 1.6E-37  253.1   0.0  122   97-224     1-122 (824)
219 UniRef100_A0A1H6KNG3 Endo-1,4-  99.9 1.3E-31 2.8E-37  215.0   0.0  135   17-156    31-168 (168)
220 UniRef100_A0A1V8SA99 Endo-1,4-  99.9 1.3E-31 2.8E-37  230.7   0.0  164   29-203    36-204 (305)
221 UniRef100_A0A175W9J3 Endo-1,4-  99.9 1.5E-31 3.4E-37  223.1   0.0  184   18-218    37-226 (231)
222 UniRef100_A0A370TAI7 Deoxyhypu  99.9 1.9E-31 4.3E-37  246.4   0.0  165   32-211    47-213 (657)
223 UniRef100_A0A023R755 Endo-1,4-  99.9 1.9E-31 4.6E-37  245.2   0.0  209   14-225    23-268 (504)
224 UniRef100_A0A4U0VFJ5 Endo-1,4-  99.9 2.4E-31 5.4E-37  232.8   0.0  150   39-203    44-196 (341)
225 UniRef100_A0A0Q0I6M2 Endo-1,4-  99.9 2.4E-31 6.1E-37  231.3   0.0  155   23-185    55-226 (267)
226 UniRef100_G4TUA6 Endo-1,4-beta  99.9 6.6E-31 1.5E-36  209.5   0.0  103   49-165    47-150 (162)
227 UniRef100_D1LGU1 Endo-1,4-beta  99.9 1.2E-30 2.7E-36  205.4   0.0  116   90-215    25-147 (148)
228 UniRef100_A0A093Y5L9 Endo-1,4-  99.9 2.7E-30 6.1E-36  241.7   0.0  158   43-217   131-291 (771)
229 UniRef100_A0A1Y1WRM9 Endo-1,4-  99.9 3.3E-30 7.4E-36  240.5   0.0  224    2-225    26-254 (743)
230 UniRef100_UPI0015ACFC15 glycos  99.9 3.9E-30 8.7E-36  247.8   0.0  214    2-222   293-515 (1240)
231 UniRef100_UPI001567DF21 endo-1  99.9 5.6E-30 1.2E-35  243.0   0.0  192   23-222   744-942 (946)
232 UniRef100_A0A1W9QBC8 Endo-1,4-  99.9 1.4E-29 3.2E-35  224.4   0.0  214    3-224   173-396 (398)
233 UniRef100_A0A0A8LFI1 Endo-1,4-  99.9 2.3E-29 5.3E-35  204.0   0.0  125   19-156    48-174 (182)
234 UniRef100_A0A2J6T8U4 Endo-1,4-  99.9 6.1E-29 1.4E-34  187.7   0.0  100  102-205     1-101 (105)
235 UniRef100_T0TBU6 Endo-1,4-beta  99.9 1.3E-28 2.8E-34  200.0   0.0  161   58-222     3-181 (183)
236 UniRef100_UPI0015B03813 glycos  99.9 1.7E-28 3.7E-34  209.8   0.0  113  105-225     1-114 (278)
237 UniRef100_A0A1M7H0C9 Endo-1,4-  99.9 4.9E-28 1.2E-33  232.9   0.0  196   16-221    36-242 (732)
238 UniRef100_A0A364LC96 Endo-1,4-  99.9   2E-27 4.5E-33  223.8   0.0  180   14-219   558-741 (813)
239 UniRef100_A0A1K1MPD0 Endo-1,4-  99.9 2.4E-27 6.1E-33  227.8   0.0  196   17-222    37-249 (722)
240 UniRef100_A0A4P2QJY7 Endo-1,4-  99.9   3E-27 6.7E-33  206.4   0.0  177   14-206   120-319 (335)
241 UniRef100_UPI00138E19CF glycos  99.9 4.6E-27   1E-32  183.0   0.0  112    7-132    21-133 (134)
242 UniRef100_A0A1Y3N601 Endo-1,4-  99.9 5.6E-27 1.3E-32  219.1   0.0  146    2-147   577-722 (723)
243 UniRef100_D4PAL0 Endo-1,4-beta  99.9 1.3E-26 2.9E-32  215.4   0.0  195   26-224    57-271 (664)
244 UniRef100_A0A4D4L492 Endo-1,4-  99.9 1.4E-26 3.1E-32  176.6   0.0   84  128-211    26-110 (116)
245 UniRef100_A0A023UHZ1 Endo-1,4-  99.9 2.1E-26 4.7E-32  174.9   0.0  108   96-207     1-109 (111)
246 UniRef100_E7CR60 Endo-1,4-beta  99.9 2.2E-26   5E-32  212.3   0.0  208   13-224     4-257 (605)
247 UniRef100_A0A4Q6EXL3 Endo-1,4-  99.9 2.3E-26 5.2E-32  196.9   0.0  187   16-220    34-225 (277)
248 UniRef100_A9GHF8 Endo-1,4-beta  99.9 3.1E-26   7E-32  208.4   0.0  184   14-213   295-500 (510)
249 UniRef100_A0A084B180 Endo-1,4-  99.9 3.1E-26 7.1E-32  188.2   0.0  153   46-217    38-194 (197)
250 UniRef100_A0A4P2QE23 Endo-1,4-  99.9 5.3E-26 1.2E-31  205.5   0.0  176   16-207   259-457 (472)
251 UniRef100_A0A2S7PDV2 Endo-1,4-  99.9   6E-26 1.3E-31  211.7   0.0  170   15-207   446-619 (692)
252 UniRef100_A0A409W2S0 Endo-1,4-  99.9 6.6E-26 1.6E-31  206.5   0.0  146   40-199    58-224 (445)
253 UniRef100_A0A1K1XYA2 Endo-1,4-  99.9 6.7E-26 1.7E-31  215.1   0.0  196   18-222    57-263 (599)
254 UniRef100_A0A1B8C7W6 Endo-1,4-  99.9 3.2E-25 7.1E-31  197.9   0.0  174   13-217    29-206 (406)
255 UniRef100_A0A4Q3TYV4 Endo-1,4-  99.9 3.3E-25 7.4E-31  178.8   0.0  136    7-152    22-159 (170)
256 UniRef100_A0A146HLG3 Endo-1,4-  99.9 3.3E-25 7.4E-31  195.5   0.0  127   38-174   233-362 (362)
257 UniRef100_A0A397G4P5 Endo-1,4-  99.9 3.7E-25 8.4E-31  207.3   0.0  165   24-203    70-239 (724)
258 UniRef100_A0A0L0T0D1 Endo-1,4-  99.8 4.5E-25   1E-30  202.0   0.0  173    9-211   127-301 (539)
259 UniRef100_A0A286RW91 Endo-1,4-  99.8 4.9E-25 1.2E-30  162.4   0.0   77   77-162     7-84  (84)
260 UniRef100_UPI0015694F23 glycos  99.8 5.9E-25 1.3E-30  183.8   0.0  148   18-171    44-223 (223)
261 UniRef100_A0A0A0BS06 Endo-1,4-  99.8 7.1E-25 1.7E-30  183.3   0.0   76  135-211     2-79  (190)
262 UniRef100_A0A364MWY9 Endo-1,4-  99.8 1.5E-24 3.4E-30  174.7   0.0  124   23-160    40-167 (167)
263 UniRef100_A0A0A1CM17 Endo-1,4-  99.8 2.3E-23 5.5E-29  151.9   0.0   69   94-166     1-77  (77)
264 UniRef100_UPI00156565BD glycos  99.8 3.4E-23 7.6E-29  178.8   0.0  196   17-222    46-252 (288)
265 UniRef100_UPI0009DFF4C4 glycos  99.8   2E-22 4.4E-28  182.8   0.0  187   14-203    72-290 (462)
266 UniRef100_A0A1H7NCR8 Endo-1,4-  99.8   6E-22 1.4E-27  161.4   0.0  125   19-145    43-177 (177)
267 UniRef100_UPI0014792CD5 glycos  99.8 8.1E-22 1.8E-27  154.5   0.0   80  132-211     8-89  (134)
268 UniRef100_A0A1C5EF74 Endo-1,4-  99.8 8.4E-22 1.9E-27  172.2   0.0   94   92-188   101-195 (315)
269 UniRef100_A0A1K1XYA2 Endo-1,4-  99.8 8.1E-22   2E-27  188.2   0.0  194   15-225   291-501 (599)
270 UniRef100_Q7WYB1 Endo-1,4-beta  99.8 9.4E-22 2.1E-27  166.7   0.0  104  121-224     7-113 (241)
271 UniRef100_UPI001564012C glycos  99.7 1.6E-21 3.5E-27  159.2   0.0  128   94-222    20-148 (178)
272 UniRef100_UPI000466CFDB glycos  99.7 2.1E-21 4.8E-27  162.5   0.0  164   18-183    38-217 (217)
273 UniRef100_UPI0013D9315C glycos  99.7 2.2E-21 5.1E-27  171.8   0.0  202   13-222    26-242 (315)
274 UniRef100_A0A2K0T958 Endo-1,4-  99.7 2.6E-21 5.7E-27  156.1   0.0   78  127-204    10-88  (163)
275 UniRef100_A0A2V1BBI8 Endo-1,4-  99.7 4.4E-21 9.9E-27  135.5   0.0   64  147-211     2-66  (70)
276 UniRef100_A0A1Y6BDE9 Pectate l  99.7   1E-20 2.4E-26  188.0   0.0  197   11-210    27-248 (1167)
277 UniRef100_A0A1Y3MXX6 Endo-1,4-  99.7 1.1E-20 2.5E-26  177.9   0.0  219    1-225    19-238 (704)
278 UniRef100_A0A4Q4WYD8 Endo-1,4-  99.7 1.9E-20 4.3E-26  155.5   0.0   87   92-207   102-189 (201)
279 UniRef100_Q9Y7F2 Endo-1,4-beta  99.7 2.5E-20 5.5E-26  166.5   0.0   88   97-187   131-233 (381)
280 UniRef100_UPI00156DDE2C glycos  99.7 2.7E-20 6.1E-26  144.7   0.0   93   17-112    31-125 (125)
281 UniRef100_G7VQ69 Endo-1,4-beta  99.7 2.7E-20 6.4E-26  144.6   0.0   88   12-102    29-116 (116)
282 UniRef100_A0A223WH53 Endo-1,4-  99.7 3.5E-20 7.8E-26  133.0   0.0   67  129-195     2-73  (76)
283 UniRef100_S4XZI3 Endo-1,4-beta  99.7 3.7E-20 8.4E-26  148.8   0.0  118   91-213     9-147 (157)
284 UniRef100_A0A0C3L474 Endo-1,4-  99.7 7.8E-20 1.8E-25  149.9   0.0   98   13-123    33-131 (181)
285 UniRef100_A0A2A5SXM3 Endo-1,4-  99.7 8.7E-20   2E-25  135.3   0.0   88  131-222     2-90  (92)
286 UniRef100_UPI001569CBEA glycos  99.7 9.6E-20 2.1E-25  146.4   0.0   99   19-118    52-155 (156)
287 UniRef100_UPI001407DC4F glycos  99.6 3.3E-19 7.4E-25  140.5   0.0   86   10-106    49-135 (135)
288 UniRef100_A0A1N6ZTV9 Endo-1,4-  99.6 5.2E-19 1.2E-24  139.1   0.0   77   14-101    44-121 (121)
289 UniRef100_A0A316VX90 Endo-1,4-  99.6 8.2E-19 1.8E-24  137.3   0.0  118   92-216     6-126 (128)
290 UniRef100_UPI0002E56059 glycos  99.6 8.7E-19 1.9E-24  145.6   0.0  113  103-223     5-119 (197)
291 UniRef100_A0A0C3M127 Endo-1,4-  99.6 1.3E-18 2.9E-24  152.5   0.0   98   13-123    33-131 (309)
292 UniRef100_UPI0011E84971 glycos  99.6 1.6E-18 3.5E-24  157.2   0.0  160   44-214   255-423 (428)
293 UniRef100_UPI00156695D1 glycos  99.6 1.7E-18 3.8E-24  147.0   0.0  127   77-204    28-157 (232)
294 UniRef100_A0A1H6J127 Glycosyl   99.6 3.1E-18 8.2E-24  170.0   0.0  192   22-224   272-476 (754)
295 UniRef100_A0A1Y3MZ12 Endo-1,4-  99.6 4.7E-18 1.1E-23  139.0   0.0   67  158-224     2-68  (173)
296 UniRef100_A0A137QR53 Endo-1,4-  99.6 7.3E-18 1.6E-23  128.8   0.0   93   91-211    11-104 (108)
297 UniRef100_A0A1Y3MSY3 Endo-1,4-  99.5 1.9E-17 4.3E-23  141.3   0.0   88  129-224    16-103 (239)
298 UniRef100_A0A1K1UHV0 Endo-1,4-  99.5 3.8E-17   9E-23  162.1   0.0  197   21-225    40-260 (1031)
299 UniRef100_A0A0P1BHF8 Endo-1,4-  99.5 7.7E-17 1.7E-22  152.4   0.0  170   22-205   310-486 (671)
300 UniRef100_UPI0013DC7503 glycos  99.5 1.9E-16 4.3E-22  124.9   0.0   97   19-116    25-131 (131)
301 UniRef100_A0A4U0UXL2 Endo-1,4-  99.4 2.8E-16 6.4E-22  146.9   0.0   89  116-207   476-565 (574)
302 UniRef100_A0A1K1PS50 Endo-1,4-  99.4 6.5E-16 1.6E-21  151.3   0.0  202   16-224    37-260 (792)
303 UniRef100_G5DDC0 Endo-1,4-beta  99.4 8.5E-16 1.9E-21  137.4   0.0   93  119-219     3-96  (351)
304 UniRef100_A0A4V1G3Z4 Endo-1,4-  99.4 1.1E-15 2.6E-21  120.9   0.0   87   26-123    36-124 (126)
305 UniRef100_A0A6A4HXG1 Endo-1,4-  99.4 1.9E-15 4.2E-21  121.7   0.0   72  139-211     9-81  (148)
306 UniRef100_A0A4D4IQS4 Endo-1,4-  99.4 1.8E-15 4.3E-21  132.8   0.0  180   19-205    43-251 (269)
307 UniRef100_UPI00031CA678 glycos  99.4 2.2E-15 5.3E-21  148.7   0.0  194   20-222    52-260 (926)
308 UniRef100_UPI0004912FD3 glycos  99.3   3E-15 6.7E-21  143.9   0.0  185   16-203    37-237 (792)
309 UniRef100_A0A0G4MUV0 Endo-1,4-  99.3   4E-15   9E-21  141.4   0.0   60  151-211   370-429 (673)
310 UniRef100_A0A1K1UHV0 Endo-1,4-  99.3   4E-15 9.6E-21  148.4   0.0  195   19-225   366-574 (1031)
311 UniRef100_UPI00156AB520 glycos  99.3 1.1E-14 2.5E-20  142.9   0.0  184   25-220   854-1052(1056)
312 UniRef100_A0A0L0TCF1 Endo-1,4-  99.3 1.5E-14 3.5E-20  118.3   0.0   93   16-119    47-142 (163)
313 UniRef100_A0A1X4GYW7 Endo-1,4-  99.3 2.3E-14 5.1E-20  113.2   0.0   44  135-178    83-127 (127)
314 UniRef100_A0A4T0EIV8 Endo-1,4-  99.2 2.6E-14 5.8E-20  115.6   0.0  100   12-124    28-128 (150)
315 UniRef100_A0A2S6BBJ8 Endo-1,4-  99.2   9E-14   2E-19  103.8   0.0   63  156-222     1-72  (88)
316 UniRef100_A0A1Y3MZ08 Endo-1,4-  99.2 1.5E-13 3.4E-19   98.1   0.0   57   69-125     9-65  (68)
317 UniRef100_A0A4Z1JNR3 Endo-1,4-  99.1 1.7E-13 3.8E-19  116.2   0.0  140   40-203    60-208 (209)
318 UniRef100_UPI001562F455 glycos  99.1 2.3E-13 5.1E-19  122.3   0.0  196   15-224    41-253 (344)
319 UniRef100_UPI00048CE114 glycos  99.1 6.8E-13 1.5E-18  125.2   0.0  191   21-221    39-243 (563)
320 UniRef100_A0A4U0XQ62 Endo-1,4-  99.1 6.8E-13 1.5E-18  106.6   0.0   69   39-117    70-139 (139)
321 UniRef100_A0A1Y3N555 Endo-1,4-  99.0 3.8E-12 8.6E-18  121.5   0.0  170   12-195   335-505 (632)
322 UniRef100_A0A1Y2LS34 Endo-1,4-  98.9 1.1E-11 2.7E-17   99.7   0.0   63   12-74     41-104 (123)
323 UniRef100_UPI00156AB520 glycos  98.8 2.1E-11 4.7E-17  121.2   0.0  168   43-221   185-373 (1056)
324 UniRef100_A0A164XPH2 Uncharact  98.8 3.1E-11 7.3E-17   83.7   0.0   48  157-204     2-49  (53)
325 UniRef100_A0A1H6KBX6 Endo-1,4-  98.8 3.4E-11 8.8E-17  122.8   0.0  198   13-225   276-496 (831)
326 UniRef100_U4R537 Endo-1,4-beta  98.8   4E-11 8.9E-17  101.8   0.0   51  160-211     1-51  (197)
327 UniRef100_A0A060CA36 Endo-1,4-  98.7 1.7E-10 4.1E-16   88.9   0.0   57   10-66     35-93  (94)
328 UniRef100_UPI0015694678 carboh  98.6 2.5E-10 5.5E-16  110.5   0.0   67  150-220     3-78  (679)
329 UniRef100_A0A1Y3N555 Endo-1,4-  98.6 5.2E-10 1.2E-15  107.8   0.0  204   11-222    38-270 (632)
330 UniRef100_A0A2W1DVM3 Endo-1,4-  98.5 7.8E-10 1.8E-15   90.4   0.0   57   15-71     37-94  (144)
331 UniRef100_A0A254S7C0 Endo-1,4-  98.5 1.1E-09 2.7E-15  108.7   0.0  144   47-218   324-468 (565)
332 UniRef100_A0A6A5RW12 Endo-1,4-  98.4 3.1E-09 6.9E-15   77.2   0.0   54  153-207     2-56  (68)
333 UniRef100_A0A1Y3MYY5 Endo-1,4-  98.4 3.6E-09 8.2E-15   86.2   0.0   50  142-191     5-54  (138)
334 UniRef100_A0A166F1G2 Endo-1,4-  98.3 6.1E-09 1.4E-14   74.9   0.0   41  171-211    19-59  (64)
335 UniRef100_A0A1K1PS50 Endo-1,4-  98.3 6.8E-09 1.6E-14  104.6   0.0  201   20-224   265-498 (792)
336 UniRef100_UPI00157135CA glycos  98.3 7.7E-09 1.7E-14   88.0   0.0   59  161-222     2-77  (185)
337 UniRef100_UPI00156B713A glycos  98.3 1.1E-08 2.5E-14   82.1   0.0   80   20-100    39-123 (123)
338 UniRef100_Q9R5P8 Endo-1,4-beta  98.2 1.8E-08 4.1E-14   66.3   0.0   38   15-52      2-40  (40)
339 UniRef100_UPI0015666D7E glycos  98.2 1.9E-08 4.2E-14   79.1   0.0   85   43-132     8-104 (106)
340 UniRef100_UPI0014218979 glycos  98.1 3.4E-08 7.7E-14   77.7   0.0   71   97-216     1-71  (106)
341 UniRef100_A0A4U2PSS2 Endo-1,4-  98.0 1.2E-07 2.7E-13   58.7   0.0   20  104-123     2-21  (29)
342 UniRef100_A0A5S9MAW1 Endo-1,4-  97.9 2.3E-07 5.1E-13   74.6   0.0   56   11-66     25-80  (118)
343 UniRef100_UPI0004E27CCF leucin  97.8 4.4E-07 9.8E-13   90.4   0.0  191   24-222   497-703 (771)
344 UniRef100_UPI00048ECEDD glycos  97.7 8.9E-07   2E-12   72.6   0.0   93   19-115    35-131 (131)
345 UniRef100_A0A4Q4UAC1 Uncharact  97.6 1.5E-06 3.5E-12   88.0   0.0   88  109-208   223-316 (782)
346 UniRef100_Q7WYB1 Endo-1,4-beta  97.6 1.8E-06 4.1E-12   77.0   0.0   58   26-83    179-236 (241)
347 UniRef100_UPI000492087D glycos  97.6   2E-06 4.6E-12   84.0   0.0   78  139-220     6-92  (574)
348 UniRef100_UPI00156AB520 glycos  97.4 5.6E-06 1.3E-11   85.1   0.0  159   37-203   420-588 (1056)
349 UniRef100_A0A1H6IKZ0 Peptidogl  97.4 5.9E-06 1.4E-11   79.8   0.0   92  109-203    25-117 (393)
350 UniRef100_UPI0015AC0E6F glycos  97.2 1.7E-05 3.9E-11   59.7   0.0   43   18-60     29-73  (73)
351 UniRef100_A0A2K2G342 Endo-1,4-  97.1 2.8E-05 6.2E-11   67.3   0.0   83   41-138    80-165 (175)
352 UniRef100_UPI00156A27DF glycos  97.0 4.5E-05   1E-10   67.0   0.0   91  128-222    27-126 (194)
353 UniRef100_A0A4S2IXD1 Endo-1,4-  96.9 6.2E-05 1.4E-10   58.3   0.0   43   12-54     41-84  (84)
354 UniRef100_G2QIR3 Endo-1,4-beta  96.9 7.3E-05 1.6E-10   58.0   0.0   45   25-69     37-83  (84)
355 UniRef100_A0A6H2K247 Endo-1,4-  96.9 8.6E-05 1.9E-10   49.4   0.0   25  157-181     2-26  (37)
356 UniRef100_W0T1G0 Glycosyl hydr  96.9 8.8E-05   2E-10   57.9   0.0   73   94-166     1-87  (87)
357 UniRef100_A0A4V6T729 Endo-1,4-  96.8 9.3E-05 2.1E-10   59.9   0.0   32  174-206    33-64  (108)
358 UniRef100_A0A3N2Q613 Endo-1,4-  96.8  0.0001 2.3E-10   58.8   0.0   84  128-217    11-96  (98)
359 UniRef100_A0A0C3SDW1 Endo-1,4-  96.8 0.00013 2.9E-10   60.8   0.0   33  172-205    91-123 (130)
360 UniRef100_A0A316YNU0 Endo-1,4-  96.6 0.00022 4.9E-10   68.9   0.0   98   47-149    46-144 (415)
361 UniRef100_A0A1K1NJG5 Dockerin   96.5 0.00031 8.3E-10   75.8   0.0  200   11-223   289-517 (831)
362 UniRef100_A0A4U6XE50 Endo-1,4-  96.4 0.00055 1.2E-09   54.7   0.0   22   95-116    61-82  (95)
363 UniRef100_Q9R5M6 Xylanase II (  96.3 0.00078 1.8E-09   43.0   0.0   21   15-35      2-22  (29)
364 UniRef100_UPI0015E17DD6 glycos  96.2 0.00091   2E-09   55.4   0.0   52  166-225    36-87  (117)
365 UniRef100_A0A1V4DL67 1,4-beta-  96.1  0.0015 3.5E-09   57.0   0.0   29  181-210     1-29  (145)
366 UniRef100_A0A0L6JPW4 Uncharact  95.9  0.0023 5.1E-09   50.1   0.0   32   12-43     28-59  (81)
367 UniRef100_A0A409X3V7 Endo-1,4-  95.7  0.0038 8.6E-09   50.7   0.0   48   21-68     43-96  (99)
368 UniRef100_UPI0011E810B7 hypoth  95.7  0.0039 8.8E-09   50.3   0.0   75   40-117     1-78  (96)
369 UniRef100_A0A1I1Q0R8 Endo-1,4-  95.7   0.004 8.9E-09   49.0   0.0   36   14-49     47-82  (82)
370 UniRef100_UPI00109F6F3D hypoth  95.7  0.0044 9.8E-09   60.6   0.0   68  128-203   169-236 (403)
371 UniRef100_A0A1M7H142 Glycosyl   95.6  0.0057 1.3E-08   66.1   0.0  202   14-224   285-505 (1088)
372 UniRef100_A0A1K1NJG5 Dockerin   95.4  0.0064 1.7E-08   66.8   0.0  191   23-222   541-752 (831)
373 UniRef100_A0A1Y2AH98 Endo-1,4-  95.4  0.0085 1.9E-08   59.4   0.0   36  189-224     1-36  (440)
374 UniRef100_A0A1I4X295 Glycosyl   95.3  0.0073 2.1E-08   59.8   0.0  173   41-224    96-292 (294)
375 UniRef100_A0A519PFB1 Uncharact  94.6    0.03 6.8E-08   42.7   0.0   40   11-50     25-64  (64)
376 UniRef100_A0A1Y6IPU1 Bifunctio  93.6   0.082 2.1E-07   54.2   0.0   33  160-192     1-33  (386)
377 UniRef100_UPI00068A3243 cellul  92.0    0.28 6.6E-07   54.7   0.0   90  128-224   665-755 (1038)
378 UniRef100_A0A0Q9KR47 Uncharact  92.0    0.27 6.8E-07   51.3   0.0  112   95-222   286-404 (406)
379 UniRef100_Q7M0W8 Endo-1,4-beta  91.8    0.33 7.3E-07   32.6   0.0   28   14-42      2-30  (31)
380 UniRef100_UPI00041DDD6F hypoth  91.4    0.41 9.1E-07   46.5   0.0   86  108-203   163-257 (282)
381 UniRef100_A0A1K1NJG5 Dockerin   91.3    0.35 9.4E-07   54.8   0.0  172   19-203    70-258 (831)
382 UniRef100_A0A066U4S5 Uncharact  91.1    0.38   1E-06   49.0   0.0  133   70-222   152-287 (300)
383 UniRef100_A0A409X2N4 Endo-1,4-  91.0    0.49 1.1E-06   31.2   0.0   25  189-216     1-25  (28)
384 UniRef100_A0A3D9L8C1 Uncharact  90.0    0.73 1.6E-06   44.2   0.0  107  101-221   129-240 (245)
385 UniRef100_UPI000B521BAE hypoth  89.7    0.81 1.8E-06   37.4   0.0   34   20-53     46-81  (82)
386 UniRef100_A0A519NYB7 Uncharact  89.6    0.84 1.9E-06   37.7   0.0   43   10-52     24-66  (87)
387 UniRef100_A0A0Q6WY10 Uncharact  89.5    0.76 1.9E-06   47.5   0.0  141   73-224   184-337 (341)
388 UniRef100_A0A1I1P3E7 Glycosyl   88.4     1.2 2.8E-06   46.3   0.0   85   92-188   121-206 (366)
389 UniRef100_A0A1J5EW36 Uncharact  87.6     1.3 3.5E-06   45.3   0.0   94  128-224   179-274 (278)
390 UniRef100_A0A093RUW1 Glycoside  85.1     2.2 6.2E-06   45.0   0.0  111  101-224   192-302 (341)
391 UniRef100_X0WPP8 Uncharacteriz  84.8     2.9 6.5E-06   37.5   0.0   40  104-144    21-60  (134)
392 UniRef100_UPI001564354C hypoth  84.0     3.4 7.6E-06   40.5   0.0   67  128-202   156-223 (252)
393 UniRef100_A0A1U1WED4 Uncharact  83.4     3.8 8.5E-06   32.7   0.0   30  176-205    29-58  (65)
394 UniRef100_A0A2S8R910 Endo-1,4-  83.0       4   9E-06   41.8   0.0   35  187-225     1-35  (365)
395 UniRef100_A0A4Q3MHB9 Uncharact  82.4     4.4 9.9E-06   33.3   0.0   22   14-35     33-54  (77)
396 UniRef100_A0A5J4SM63 Endogluca  82.1     4.3   1E-05   42.6   0.0  143   70-224   215-366 (366)
397 UniRef100_E2LLN7 Uncharacteriz  81.8     4.9 1.1E-05   34.1   0.0   50   16-65     35-86  (92)
398 UniRef100_A0A3D9L7S1 Putative   80.1     6.2 1.4E-05   41.9   0.0   91  102-204   130-226 (478)
399 UniRef100_A0A6M0BBQ4 Uncharact  77.1       9   2E-05   30.0   0.0   32  138-169    10-44  (56)
400 UniRef100_A0A1M7H142 Glycosyl   76.5     9.3 2.2E-05   44.5   0.0  198   15-224    37-268 (1088)
401 UniRef100_C4RJH9 Endo-1,4-beta  76.4     9.7 2.2E-05   34.5   0.0   22  189-211     1-22  (132)
402 UniRef100_A0A315Y5Z6 Endo-1,4-  76.0     9.7 2.3E-05   44.5   0.0   74  129-202   655-732 (1063)
403 UniRef100_A0A2D6MKZ8 Uncharact  73.1      12 3.1E-05   38.9   0.0  162   45-224    69-253 (263)
404 UniRef100_UPI00113FC495 GH32 C  67.8      22 4.9E-05   31.4   0.0   48  155-202    47-95  (104)
405 UniRef100_A0A434GJX7 Carbohydr  67.4      23 5.1E-05   35.4   0.0   35  151-185     1-36  (241)
406 UniRef100_UPI0013C30659 hypoth  67.2      23 5.1E-05   30.2   0.0   21  135-155    14-34  (83)
407 UniRef100_A0A4R7KNU3 Glycosyl   67.1      23 5.2E-05   39.2   0.0   87  133-221   211-298 (612)
408 UniRef100_A0A315Y5Z6 Endo-1,4-  64.1      28 6.5E-05   41.4   0.0  102   98-199   843-962 (1063)
409 UniRef100_A0A369LNE2 Uncharact  61.6      35 7.8E-05   27.9   0.0   28  169-196     9-36  (64)
410 UniRef100_A0A125S3B5 Uncharact  61.3      32 7.9E-05   29.0   0.0   59  134-192     7-65  (69)
411 UniRef100_A0A1Z9L4B5 Uncharact  60.4      38 8.4E-05   30.2   0.0   46  171-219    28-73  (105)
412 UniRef100_A0A315Y5Z6 Endo-1,4-  56.0      48 0.00011   39.8   0.0  100   97-202   392-501 (1063)
413 UniRef100_A0A151U2Y5 Retroviru  55.6      51 0.00012   32.2   0.0   28  176-203    43-70  (189)
414 UniRef100_A0A2P5AWX9 Uncharact  55.4      52 0.00012   31.1   0.0   54  101-156    71-126 (149)
415 UniRef100_UPI001458E25F unchar  54.6      55 0.00012   32.0   0.0   32  160-191   139-170 (184)
416 UniRef100_A0A6M0CCE2 Uncharact  54.1      57 0.00013   27.0   0.0   42  162-203    11-52  (65)
417 UniRef100_A0A401SZF2 Uncharact  54.1      57 0.00013   27.4   0.0   26  158-183     7-33  (71)
418 UniRef100_A0A2N6QR07 Uncharact  52.1      64 0.00014   28.0   0.0   59  134-192    22-80  (84)
419 UniRef100_A0A084JVZ1 Calx-beta  51.8      53 0.00015   41.8   0.0   47  150-196   843-891 (1334)
420 UniRef100_A0A6A6VUZ6 Uncharact  50.7      70 0.00016   35.9   0.0   19  174-192     8-26  (568)
421 UniRef100_A0A4Q6C4D8 Uncharact  49.8      74 0.00017   31.5   0.0   35  165-199   125-159 (195)
422 UniRef100_X1EWF0 Uncharacteriz  49.4      76 0.00017   27.3   0.0   43  101-144    25-68  (79)
423 UniRef100_A0A3Q2ZKK6 Uncharact  48.2      81 0.00018   29.0   0.0   53  144-196    39-91  (118)
424 UniRef100_A0A1B9ZVX0 Relaxosom  45.7      95 0.00021   25.8   0.0   21  164-184    30-50  (64)
425 UniRef100_UPI0015754156 hypoth  45.4      96 0.00022   28.7   0.0   26  169-194     8-33  (119)
426 UniRef100_A0A2E7NHF5 Uncharact  45.4      96 0.00022   30.0   0.0   43  152-194    21-64  (162)
427 UniRef100_A0A3M1B6D1 Uncharact  43.4 1.1E+02 0.00024   32.9   0.0   20  170-189   162-181 (348)
428 UniRef100_A0A0G3HBJ9 NADH-quin  43.2   1E+02 0.00025   33.3   0.0   34  162-195   187-220 (290)
429 UniRef100_A0A6B0TST5 Uncharact  42.4 1.1E+02 0.00026   25.6   0.0   45  134-181    15-66  (67)
430 UniRef100_L5JPV2 Calpain small  42.2 1.2E+02 0.00026   28.0   0.0   61  134-194    22-96  (113)
431 UniRef100_UPI000E7323FB hypoth  42.2 1.2E+02 0.00026   29.4   0.0   42  162-203    34-75  (157)
432 UniRef100_A0A3B8V014 Uncharact  42.1 1.2E+02 0.00026   29.6   0.0   61  132-193    18-82  (164)
433 UniRef100_A0A1H4I2K0 Methyl-ac  42.0 1.1E+02 0.00026   31.8   0.0   41  179-219   135-175 (254)
434 UniRef100_A0A537VFK5 Uncharact  41.4 1.2E+02 0.00027   29.6   0.0   37  160-196   125-161 (168)
435 UniRef100_A0A1M7R9N4 Uncharact  41.2 1.2E+02 0.00028   30.4   0.0   33  161-193    78-112 (205)
436 UniRef100_UPI00149063D8 ATP-bi  40.4 1.3E+02 0.00029   31.1   0.0   77  129-206   147-223 (250)
437 UniRef100_A9EW66 Uncharacteriz  40.0 1.3E+02  0.0003   30.8   0.0   43  142-184    54-96  (238)
438 UniRef100_J3KVF8 Uncharacteriz  39.4 1.4E+02 0.00031   28.8   0.0   31  175-205    90-121 (147)
439 UniRef100_A0A315Y5Z6 Endo-1,4-  39.1 1.3E+02 0.00031   36.8   0.0   81  109-202   169-260 (1063)
440 UniRef100_A0A1F4LQB0 Uncharact  38.9 1.4E+02 0.00032   25.6   0.0   33  161-193    12-44  (73)
441 UniRef100_A0A4D9DEJ2 Calmoduli  38.7 1.4E+02 0.00032   30.3   0.0   50  170-219    86-136 (219)
442 UniRef100_A0A371EA97 Uncharact  36.1 1.7E+02 0.00038   31.2   0.0   34  151-187   145-178 (303)
443 UniRef100_A0A119WAS2 Uncharact  32.5 2.1E+02 0.00047   28.2   0.0   45  159-204    89-133 (164)
444 UniRef100_UPI00083695AC hypoth  32.1 2.1E+02 0.00048   25.1   0.0   27  166-192    16-42  (79)
445 UniRef100_A0A419JPE2 DUF3344 d  31.8 2.2E+02 0.00049   33.9   0.0   52   64-115   563-616 (814)
446 UniRef100_A0A059AL78 Uncharact  31.8 2.1E+02 0.00049   30.6   0.0   34  159-192   120-153 (274)
447 UniRef100_UPI0003804EE2 hypoth  31.4 2.2E+02  0.0005   26.3   0.0   33  159-191    40-72  (108)
448 UniRef100_A0A6M3K7A2 Uncharact  31.0 2.3E+02 0.00052   30.2   0.0   37   20-56     51-87  (288)
449 UniRef100_UPI0009F51D42 bifunc  30.8 2.3E+02 0.00052   30.5   0.0   31  159-191   196-226 (315)
450 UniRef100_A0A0F9FNL5 TIR domai  30.5 2.4E+02 0.00054   31.8   0.0   51   99-149   219-269 (459)
451 UniRef100_A0A183RZL9 Uncharact  30.3 2.4E+02 0.00054   25.4   0.0   49   59-111    14-62  (90)
452 UniRef100_A0A0D0A1I3 Unplaced   27.6 2.8E+02 0.00065   30.6   0.0   23  127-149   267-289 (329)
453 UniRef100_A0A2P2KWM3 Uncharact  27.6 2.9E+02 0.00065   24.4   0.0   39  165-203    12-50  (78)
454 UniRef100_A0A2D8J5G6 Uncharact  26.1 3.2E+02 0.00072   25.4   0.0   31  170-200    29-59  (105)
455 UniRef100_A0A2V7Y0S6 Methyltra  25.9 3.2E+02 0.00073   29.9   0.0   35  163-197   269-307 (345)
456 UniRef100_A0A0S9D4G3 Uncharact  25.4 3.2E+02 0.00075   31.5   0.0   33  163-195    89-121 (434)
457 UniRef100_E5ERD8 Uncharacteriz  24.7 3.5E+02 0.00079   31.0   0.0   55   11-65    288-343 (509)
458 UniRef100_A0A512NCT0 Uncharact  24.4 3.6E+02 0.00081   24.3   0.0   33  172-204     9-41  (87)
459 UniRef100_A0A517YVS8 Uncharact  23.8 3.8E+02 0.00085   24.7   0.0   41  161-201    18-58  (98)
460 UniRef100_A0A369LL73 Methyltra  23.7 3.3E+02 0.00085   29.6   0.0   49  175-223    82-132 (245)
461 UniRef100_A0A6A4KDP7 Uncharact  23.1   4E+02 0.00089   25.7   0.0   23  162-184    56-78  (127)
462 UniRef100_A0A2N9HEM2 DUF4220 d  23.0   4E+02 0.00089   32.1   0.0   20  174-193   719-738 (809)
463 UniRef100_A0A4R2LHP8 Uncharact  22.2 4.2E+02 0.00095   27.7   0.0   33   23-55    174-206 (226)
464 UniRef100_A0A4Z1I7D7 Calmoduli  22.0 4.1E+02 0.00097   25.9   0.0   49  169-220    27-75  (122)
465 UniRef100_A0A0P6R740 Uncharact  21.9 4.3E+02 0.00097   25.8   0.0   49  173-221    26-74  (138)
466 UniRef100_A0A6I3F4M2 Uncharact  21.2 4.6E+02   0.001   31.2   0.0   38  163-200    81-118 (686)
467 UniRef100_M5G009 Uncharacteriz  21.1 4.6E+02   0.001   26.2   0.0   39  150-188   103-141 (159)
468 UniRef100_J7F8Y2 Uncharacteriz  20.1   5E+02  0.0011   22.9   0.0   43  175-218    26-68  (73)

2021-08-03 08:46:48.644868: I tensorflow/stream_executor/platform/default/dso_loader.cc:53] Successfully opened dynamic library libcuda.so.1
2021-08-03 08:46:48.701711: I tensorflow/core/common_runtime/gpu/gpu_device.cc:1733] Found device 0 with properties: 
pciBusID: 0000:af:00.0 name: GeForce RTX 3090 computeCapability: 8.6
coreClock: 1.695GHz coreCount: 82 deviceMemorySize: 23.70GiB deviceMemoryBandwidth: 871.81GiB/s
2021-08-03 08:46:48.701748: I tensorflow/stream_executor/platform/default/dso_loader.cc:53] Successfully opened dynamic library libcudart.so.11.0
2021-08-03 08:46:48.703680: I tensorflow/stream_executor/platform/default/dso_loader.cc:53] Successfully opened dynamic library libcublas.so.11
2021-08-03 08:46:48.703746: I tensorflow/stream_executor/platform/default/dso_loader.cc:53] Successfully opened dynamic library libcublasLt.so.11
2021-08-03 08:46:48.704401: I tensorflow/stream_executor/platform/default/dso_loader.cc:53] Successfully opened dynamic library libcufft.so.10
2021-08-03 08:46:48.704604: I tensorflow/stream_executor/platform/default/dso_loader.cc:53] Successfully opened dynamic library libcurand.so.10
2021-08-03 08:46:48.706502: I tensorflow/stream_executor/platform/default/dso_loader.cc:53] Successfully opened dynamic library libcusolver.so.11
2021-08-03 08:46:48.706906: I tensorflow/stream_executor/platform/default/dso_loader.cc:53] Successfully opened dynamic library libcusparse.so.11
2021-08-03 08:46:48.707039: I tensorflow/stream_executor/platform/default/dso_loader.cc:53] Successfully opened dynamic library libcudnn.so.8
2021-08-03 08:46:48.708253: I tensorflow/core/common_runtime/gpu/gpu_device.cc:1871] Adding visible gpu devices: 0
2021-08-03 08:46:48.708500: I tensorflow/core/platform/cpu_feature_guard.cc:142] This TensorFlow binary is optimized with oneAPI Deep Neural Network Library (oneDNN) to use the following CPU instructions in performance-critical operations:  AVX2 AVX512F FMA
To enable them in other operations, rebuild TensorFlow with the appropriate compiler flags.
2021-08-03 08:46:48.712548: I tensorflow/core/common_runtime/gpu/gpu_device.cc:1733] Found device 0 with properties: 
pciBusID: 0000:af:00.0 name: GeForce RTX 3090 computeCapability: 8.6
coreClock: 1.695GHz coreCount: 82 deviceMemorySize: 23.70GiB deviceMemoryBandwidth: 871.81GiB/s
2021-08-03 08:46:48.713739: I tensorflow/core/common_runtime/gpu/gpu_device.cc:1871] Adding visible gpu devices: 0
2021-08-03 08:46:48.713772: I tensorflow/stream_executor/platform/default/dso_loader.cc:53] Successfully opened dynamic library libcudart.so.11.0
2021-08-03 08:46:49.183181: I tensorflow/core/common_runtime/gpu/gpu_device.cc:1258] Device interconnect StreamExecutor with strength 1 edge matrix:
2021-08-03 08:46:49.183220: I tensorflow/core/common_runtime/gpu/gpu_device.cc:1264]      0 
2021-08-03 08:46:49.183226: I tensorflow/core/common_runtime/gpu/gpu_device.cc:1277] 0:   N 
2021-08-03 08:46:49.185054: I tensorflow/core/common_runtime/gpu/gpu_device.cc:1418] Created TensorFlow device (/job:localhost/replica:0/task:0/device:GPU:0 with 22306 MB memory) -> physical GPU (device: 0, name: GeForce RTX 3090, pci bus id: 0000:af:00.0, compute capability: 8.6)
2021-08-03 08:46:49.199822: I tensorflow/core/platform/profile_utils/cpu_utils.cc:114] CPU Frequency: 3000000000 Hz
2021-08-03 08:46:49.745583: I tensorflow/stream_executor/platform/default/dso_loader.cc:53] Successfully opened dynamic library libcublas.so.11
2021-08-03 08:46:50.392878: I tensorflow/stream_executor/platform/default/dso_loader.cc:53] Successfully opened dynamic library libcublasLt.so.11
2021-08-03 08:46:50.393538: I tensorflow/stream_executor/cuda/cuda_blas.cc:1838] TensorFloat-32 will be used for the matrix multiplication. This will only be logged once.
2021-08-03 08:46:53.310568: I tensorflow/core/common_runtime/gpu/gpu_device.cc:1733] Found device 0 with properties: 
pciBusID: 0000:af:00.0 name: GeForce RTX 3090 computeCapability: 8.6
coreClock: 1.695GHz coreCount: 82 deviceMemorySize: 23.70GiB deviceMemoryBandwidth: 871.81GiB/s
2021-08-03 08:46:53.311010: I tensorflow/core/common_runtime/gpu/gpu_device.cc:1871] Adding visible gpu devices: 0
2021-08-03 08:46:53.311049: I tensorflow/core/common_runtime/gpu/gpu_device.cc:1258] Device interconnect StreamExecutor with strength 1 edge matrix:
2021-08-03 08:46:53.311056: I tensorflow/core/common_runtime/gpu/gpu_device.cc:1264]      0 
2021-08-03 08:46:53.311061: I tensorflow/core/common_runtime/gpu/gpu_device.cc:1277] 0:   N 
2021-08-03 08:46:53.311454: I tensorflow/core/common_runtime/gpu/gpu_device.cc:1418] Created TensorFlow device (/job:localhost/replica:0/task:0/device:GPU:0 with 22306 MB memory) -> physical GPU (device: 0, name: GeForce RTX 3090, pci bus id: 0000:af:00.0, compute capability: 8.6)
/home/jsun/anaconda3/envs/torch/lib/python3.8/site-packages/tensorflow/python/keras/engine/training.py:2426: UserWarning: `Model.state_updates` will be removed in a future version. This property should not be used in TensorFlow 2.0, as `updates` are applied automatically.
  warnings.warn('`Model.state_updates` will be removed in a future version. '
Found 1266
hits!
starting 246196.45
iter 10 132991.94
iter 20 120903.55
iter 30 116075.4
iter 40 113986.63
iter 50 113275.74
iter 60 112976.58
iter 70 112833.32
iter 80 112755.52
iter 90 112705.79
iter 100 112671.87
